<?xml version="1.0" encoding="UTF-8"?>
<testsuite xmlns:xsi="http://www.w3.org/2001/XMLSchema-instance" xsi:noNamespaceSchemaLocation="https://maven.apache.org/surefire/maven-surefire-plugin/xsd/surefire-test-report-3.0.xsd" version="3.0" name="com.example.api.tests.SampleApiTest" time="0.316" tests="1" errors="0" skipped="0" failures="0">
  <properties>
[...]
</properties>
  <testcase name="testGetEndpoint" classname="com.example.api.tests.SampleApiTest" time="0.316">
    <system-out><![CDATA[Request method:	GET
Request URI:	https://jsonplaceholder.typicode.com/posts/1
Proxy:			<none>
Request params:	<none>
Query params:	<none>
Form params:	<none>
Path params:	<none>
Headers:		Accept=*/*
				Content-Type=application/json
Cookies:		<none>
Multiparts:		<none>
Body:			<none>
HTTP/1.1 200 OK
Date: Mon, 04 Nov 2024 12:41:05 GMT
Content-Type: application/json; charset=utf-8
Transfer-Encoding: chunked
Connection: keep-alive
Report-To: {"group":"heroku-nel","max_age":3600,"endpoints":[{"url":"https://nel.heroku.com/reports?ts=1729704676&sid=e11707d5-02a7-43ef-b45e-2cf4d2036f7d&s=kePmaA4UhGZboA2qf5gLwIbXNd1QWZmhwy4FH2x9Wms%3D"}]}
Reporting-Endpoints: heroku-nel=https://nel.heroku.com/reports?ts=1729704676&sid=e11707d5-02a7-43ef-b45e-2cf4d2036f7d&s=kePmaA4UhGZboA2qf5gLwIbXNd1QWZmhwy4FH2x9Wms%3D
Nel: {"report_to":"heroku-nel","max_age":3600,"success_fraction":0.005,"failure_fraction":0.05,"response_headers":["Via"]}
X-Powered-By: Express
X-Ratelimit-Limit: 1000
X-Ratelimit-Remaining: 999
X-Ratelimit-Reset: 1729704715
Vary: Origin, Accept-Encoding
Access-Control-Allow-Credentials: true
Cache-Control: max-age=43200
Pragma: no-cache
Expires: -1
X-Content-Type-Options: nosniff
Etag: W/"124-yiKdLzqO5gfBrJFrcdJ8Yq0LGnU"
Via: 1.1 vegur
CF-Cache-Status: HIT
Age: 11321
Server: cloudflare
CF-RAY: 8dd4ad2429de9d0c-SIN
Content-Encoding: gzip
alt-svc: h3=":443"; ma=86400
server-timing: cfL4;desc="?proto=TCP&rtt=48891&sent=6&recv=6&lost=0&retrans=0&sent_bytes=3116&recv_bytes=812&delivery_rate=69803&cwnd=252&unsent_bytes=0&cid=3803e438a1cd1842&ts=157&x=0"

{
    "userId": 1,
    "id": 1,
    "title": "sunt aut facere repellat provident occaecati excepturi optio reprehenderit",
    "body": "quia et suscipit\nsuscipit recusandae consequuntur expedita et cum\nreprehenderit molestiae ut ut quas totam\nnostrum rerum est autem sunt rem eveniet architecto"
}
]]></system-out>
  </testcase>
</testsuite>